2023-12-17 21:53:19,115 INFO root Logging is working
2023-12-17 21:53:19,115 INFO root Program Started
2023-12-17 21:53:19,115 INFO root Program Started
2023-12-17 21:53:20,466 INFO root User Choice is 1
2023-12-17 21:53:21,595 ERROR root Invalid Name, Only Alphabets Allowed
2023-12-17 21:53:23,385 INFO root User name is dflgldf
2023-12-17 21:53:41,977 INFO root Logging is working
2023-12-17 21:53:41,977 INFO root Program Started
2023-12-17 21:53:41,977 INFO root Program Started
2023-12-17 21:53:44,084 INFO root User Choice is 1
2023-12-17 21:53:45,555 INFO root User name is saif
2023-12-17 21:53:47,217 INFO root User is 19 years old
2023-12-17 21:53:48,695 INFO root User address is jdnfd
2023-12-17 21:53:50,396 INFO root User phone number prefix is +33
2023-12-17 21:53:53,390 INFO root User phone number is +331234567
2023-12-17 21:53:53,390 INFO root User ID is c4bf0368-96c6-40b3-b3f9-382a7d11fdbe
2023-12-17 21:53:53,390 INFO root User Balance is 0
2023-12-17 21:53:53,390 INFO root All User Details
2023-12-17 21:53:53,390 INFO root User Welcome Message: 
    Welcome saif to Kernel Bank \U0001f3e6  :
    Your ID is c4bf0368-96c6-40b3-b3f9-382a7d11fdbe
    Your Balance is 0
    Your Account was created on 2023-12-17 21:53:53.390311
    If you want to edit your account details
    If you have any questions, please contact us at Kernel-rb on GitHub
    
2023-12-17 21:53:53,394 INFO root User Account Created Successfully
2023-12-17 21:53:53,394 INFO root User Account Created Successfully
2023-12-17 21:55:34,616 INFO root Logging is working
2023-12-17 21:55:34,617 INFO root Program Started
2023-12-17 21:55:34,617 INFO root Program Started
2023-12-17 21:55:36,205 INFO root User Choice is 1
2023-12-17 21:55:37,362 INFO root User name is saof
2023-12-17 21:55:39,036 INFO root User is 19 years old
2023-12-17 21:55:40,254 INFO root User address is kdnfkd
2023-12-17 21:55:41,442 INFO root User phone number prefix is +33
2023-12-17 21:55:44,190 INFO root User phone number is +333214567
2023-12-17 21:55:44,190 INFO root User ID is 201347ef-cf72-43fa-9a66-09b66934810f
2023-12-17 21:55:44,190 INFO root User Balance is 0
2023-12-17 21:55:44,191 INFO root All User Details
2023-12-17 21:55:44,191 INFO root User Welcome Message: 
    Welcome saof to Kernel Bank \U0001f3e6  :
    Your ID is 201347ef-cf72-43fa-9a66-09b66934810f
    Your Balance is 0
    Your Account was created on 2023-12-17 21:55:44.190930
    If you want to edit your account details
    If you have any questions, please contact us at Kernel-rb on GitHub
    
2023-12-17 21:55:44,191 INFO root User Account Created Successfully
2023-12-17 21:55:44,191 INFO root User Account Created Successfully
2023-12-17 21:59:24,990 INFO root Logging is working
==================================================

2023-12-17 21:59:24,991 INFO root Program Started
==================================================

2023-12-17 21:59:24,991 INFO root ==================================================
==================================================

2023-12-17 21:59:24,992 INFO root Program Started
==================================================

2023-12-17 21:59:26,581 INFO root User Choice is 1
==================================================

2023-12-17 21:59:28,200 INFO root User name is jfdkjg
==================================================

2023-12-17 22:00:07,541 INFO root Logging is working
2023-12-17 22:00:07,542 INFO root Program Started
2023-12-17 22:00:07,542 INFO root Program Started
2023-12-17 22:00:08,927 INFO root User Choice is 1
2023-12-17 22:00:10,041 INFO root User name is ldflg
2023-12-19 18:40:25,955 INFO root Logging is working
2023-12-19 18:40:25,963 INFO root Program Started
2023-12-19 18:40:25,963 INFO root Program Started
2023-12-19 18:40:29,061 INFO root User Choice is 1
2023-12-19 18:40:30,799 INFO root User name is saif
2023-12-19 18:40:32,372 INFO root User is 19 years old
2023-12-19 18:40:36,701 INFO root User gmail is hh@fdogjçàe'çàçrçà)ze
2023-12-19 18:40:38,511 ERROR root Invalid Prefix, Only 3 Digits Allowed
2023-12-19 18:40:40,481 INFO root User phone number prefix is +33
2023-12-19 18:40:46,255 ERROR root Invalid Phone Number, Only 7 Digits Allowed
2023-12-19 18:40:47,286 ERROR root Invalid Prefix, Only 3 Digits Allowed
2023-12-19 18:40:49,505 INFO root User phone number prefix is +33
2023-12-19 18:40:51,920 INFO root User phone number is +331234567
2023-12-19 18:40:54,722 INFO root User address is 44 kdfz,md
2023-12-19 18:40:54,723 INFO root User ID is 27869b26-9614-4d8f-b053-1777a34f7720
2023-12-19 18:40:54,723 INFO root User Balance is 0
2023-12-19 18:45:30,880 INFO root Logging is working
2023-12-19 18:45:30,880 INFO root Program Started
2023-12-19 18:45:30,880 INFO root Program Started
2023-12-19 18:45:33,058 INFO root User Choice is 1
2023-12-19 18:45:39,259 INFO root User name is Saif
2023-12-19 18:45:40,899 INFO root User is 19 years old
2023-12-19 18:45:44,613 INFO root User gmail is accounfidfhkd
2023-12-19 18:45:46,731 INFO root User phone number prefix is +33
2023-12-19 18:45:58,418 INFO root User phone number is +331234567
2023-12-19 18:46:00,226 INFO root User address is kk
2023-12-19 18:46:00,226 INFO root User ID is b84f1463-fe78-4f46-9d4c-30d766472140
2023-12-19 18:46:00,226 INFO root User Balance is 0
2023-12-19 18:46:23,959 INFO root Logging is working
2023-12-19 18:46:23,959 INFO root Program Started
2023-12-19 18:46:23,959 INFO root Program Started
2023-12-19 18:49:34,921 INFO root User Choice is 
2023-12-19 18:49:34,922 ERROR root Invalid Choice , Only Numbers Allowed
2023-12-19 18:49:39,363 INFO root Logging is working
2023-12-19 18:49:39,365 INFO root Program Started
2023-12-19 18:49:39,365 INFO root Program Started
2023-12-19 18:49:40,873 INFO root User Choice is 1
2023-12-19 18:49:43,056 INFO root User name is saif
2023-12-19 18:49:44,495 INFO root User is 19 years old
2023-12-19 18:49:46,123 INFO root User gmail is jdfnkdnlkf
2023-12-19 18:50:16,995 INFO root Logging is working
2023-12-19 18:50:16,995 INFO root Program Started
2023-12-19 18:50:16,995 INFO root Program Started
2023-12-19 18:50:18,359 INFO root User Choice is 1
2023-12-19 18:50:20,382 INFO root User name is saif
2023-12-19 18:50:21,896 INFO root User is 19 years old
2023-12-19 18:50:23,122 INFO root User gmail is kjdfngkdfnlg
2023-12-19 18:50:23,122 ERROR root Email validation error: The email address is not valid. It must have exactly one @-sign.
2023-12-19 18:50:23,123 ERROR root Invalid email: The email address is not valid. It must have exactly one @-sign.
2023-12-19 18:51:38,193 INFO root User gmail is 
2023-12-19 18:51:38,201 ERROR root Email validation error: The email address is not valid. It must have exactly one @-sign.
2023-12-19 18:51:38,201 ERROR root Invalid email: The email address is not valid. It must have exactly one @-sign.
2023-12-19 18:51:39,721 INFO root User gmail is 
2023-12-19 18:51:39,721 ERROR root Email validation error: The email address is not valid. It must have exactly one @-sign.
2023-12-19 18:51:39,721 ERROR root Invalid email: The email address is not valid. It must have exactly one @-sign.
2023-12-19 18:51:40,713 INFO root User gmail is 
2023-12-19 18:51:40,713 ERROR root Email validation error: The email address is not valid. It must have exactly one @-sign.
2023-12-19 18:51:40,713 ERROR root Invalid email: The email address is not valid. It must have exactly one @-sign.
2023-12-19 18:51:40,944 INFO root User gmail is 
2023-12-19 18:51:40,944 ERROR root Email validation error: The email address is not valid. It must have exactly one @-sign.
2023-12-19 18:51:40,945 ERROR root Invalid email: The email address is not valid. It must have exactly one @-sign.
2023-12-19 18:51:41,121 INFO root User gmail is 
2023-12-19 18:51:41,121 ERROR root Email validation error: The email address is not valid. It must have exactly one @-sign.
2023-12-19 18:51:41,121 ERROR root Invalid email: The email address is not valid. It must have exactly one @-sign.
2023-12-19 18:51:41,311 INFO root User gmail is 
2023-12-19 18:51:41,317 ERROR root Email validation error: The email address is not valid. It must have exactly one @-sign.
2023-12-19 18:51:41,317 ERROR root Invalid email: The email address is not valid. It must have exactly one @-sign.
2023-12-19 18:51:41,501 INFO root User gmail is 
2023-12-19 18:51:41,501 ERROR root Email validation error: The email address is not valid. It must have exactly one @-sign.
2023-12-19 18:51:41,501 ERROR root Invalid email: The email address is not valid. It must have exactly one @-sign.
2023-12-19 18:51:41,685 INFO root User gmail is 
2023-12-19 18:51:41,685 ERROR root Email validation error: The email address is not valid. It must have exactly one @-sign.
2023-12-19 18:51:41,685 ERROR root Invalid email: The email address is not valid. It must have exactly one @-sign.
2023-12-19 18:51:41,851 INFO root User gmail is 
2023-12-19 18:51:41,851 ERROR root Email validation error: The email address is not valid. It must have exactly one @-sign.
2023-12-19 18:51:41,860 ERROR root Invalid email: The email address is not valid. It must have exactly one @-sign.
2023-12-19 18:53:43,033 INFO root User gmail is 
2023-12-19 18:53:43,033 ERROR root Email validation error: The email address is not valid. It must have exactly one @-sign.
2023-12-19 18:53:43,034 ERROR root Invalid email: The email address is not valid. It must have exactly one @-sign.
2023-12-19 18:53:43,476 INFO root User gmail is 
2023-12-19 18:53:43,477 ERROR root Email validation error: The email address is not valid. It must have exactly one @-sign.
2023-12-19 18:53:43,477 ERROR root Invalid email: The email address is not valid. It must have exactly one @-sign.
2023-12-19 18:53:43,652 INFO root User gmail is 
2023-12-19 18:53:43,653 ERROR root Email validation error: The email address is not valid. It must have exactly one @-sign.
2023-12-19 18:53:43,653 ERROR root Invalid email: The email address is not valid. It must have exactly one @-sign.
2023-12-19 18:58:29,303 INFO root Logging is working
2023-12-19 18:58:29,303 INFO root Program Started
2023-12-19 18:58:29,303 INFO root Program Started
2023-12-19 18:58:31,082 INFO root User Choice is 1
2023-12-19 18:58:32,855 INFO root User name is saif
2023-12-19 18:58:34,872 INFO root User is 23 years old
2023-12-19 18:58:36,165 INFO root User gmail is difohgkdfnklg,d
2023-12-19 18:58:36,167 ERROR root Invalid email entered by the user.
2023-12-19 18:58:36,168 ERROR root Invalid email: The email address is not valid. It must have exactly one @-sign.
2023-12-19 18:58:49,071 INFO root User gmail is 
2023-12-19 19:00:38,907 INFO root Logging is working
2023-12-19 19:00:38,907 INFO root Program Started
2023-12-19 19:00:38,907 INFO root Program Started
2023-12-19 19:00:40,219 INFO root User Choice is 1
2023-12-19 19:00:41,851 INFO root User name is saif
2023-12-19 19:00:43,462 INFO root User is 56 years old
2023-12-19 19:00:44,827 INFO root User gmail is jdfiokdnfkd
2023-12-19 19:00:44,828 ERROR root Invalid email entered by the user.
2023-12-19 19:00:44,828 ERROR root Invalid email: The email address is not valid. It must have exactly one @-sign.
2023-12-19 19:00:49,345 INFO root User gmail is 
2023-12-19 19:15:12,413 INFO root Logging is working
2023-12-19 19:15:12,413 INFO root Program Started
2023-12-19 19:15:12,413 INFO root Program Started
2023-12-19 19:15:14,509 INFO root User Choice is 1
2023-12-19 19:15:16,407 INFO root User name is saif
2023-12-19 19:15:17,961 INFO root User is 19 years old
2023-12-19 19:15:23,594 INFO root User gmail is kernel@gmail.com
2023-12-19 19:16:26,653 INFO root Logging is working
2023-12-19 19:16:26,653 INFO root Program Started
2023-12-19 19:16:26,653 INFO root Program Started
2023-12-19 19:16:27,916 INFO root User Choice is 1
2023-12-19 19:16:29,441 INFO root User name is saif
2023-12-19 19:16:32,523 INFO root User is 19 years old
2023-12-19 19:16:37,528 INFO root User gmail is kernel@gmail.com
2023-12-19 19:17:02,845 INFO root Logging is working
2023-12-19 19:17:02,845 INFO root Program Started
2023-12-19 19:17:02,845 INFO root Program Started
2023-12-19 19:17:04,087 INFO root User Choice is 1
2023-12-19 19:17:05,426 INFO root User name is kernel
2023-12-19 19:17:06,751 INFO root User is 19 years old
2023-12-19 19:17:12,342 INFO root User gmail is kerne@gmail.com
2023-12-19 19:17:42,287 INFO root Logging is working
2023-12-19 19:17:42,287 INFO root Program Started
2023-12-19 19:17:42,287 INFO root Program Started
2023-12-19 19:17:44,111 INFO root User Choice is 1
2023-12-19 19:17:44,959 INFO root User name is saof
2023-12-19 19:17:46,659 INFO root User is 19 years old
2023-12-19 19:17:50,393 INFO root User gmail is kdklf@gmail.com
